<?xml version="1.0" encoding="UTF-8"?>
<Site BuildName="Linux-cc"
	BuildStamp="20250226-1349-Experimental"
	Name="spyros"
	Generator="ctest-3.28.3"
	CompilerName=""
	CompilerVersion=""
	OSName="Linux"
	Hostname="spyros"
	OSRelease="6.11.0-17-generic"
	OSVersion="#17~24.04.2-Ubuntu SMP PREEMPT_DYNAMIC Mon Jan 20 22:48:29 UTC 2"
	OSPlatform="x86_64"
	Is64Bits="1"
	VendorString="GenuineIntel"
	VendorID="Intel Corporation"
	FamilyID="6"
	ModelID="158"
	ProcessorCacheSize="9216"
	NumberOfLogicalCPU="12"
	NumberOfPhysicalCPU="6"
	TotalVirtualMemory="4095"
	TotalPhysicalMemory="15863"
	LogicalProcessorsPerPhysical="2"
	ProcessorClockFrequency="1199.94"
	>
	<Testing>
		<StartDateTime>Feb 26 15:49 EET</StartDateTime>
		<StartTestTime>1740577743</StartTestTime>
		<TestList/>
		<EndDateTime>Feb 26 15:49 EET</EndDateTime>
		<EndTestTime>1740577743</EndTestTime>
		<ElapsedMinutes>0</ElapsedMinutes>
	</Testing>
</Site>
