<?xml version="1.0" encoding="UTF-8"?>
<Site BuildName="Linux-cc"
	BuildStamp="20250317-1803-Experimental"
	Name="spyros"
	Generator="ctest-3.28.3"
	CompilerName=""
	CompilerVersion=""
	OSName="Linux"
	Hostname="spyros"
	OSRelease="6.11.0-19-generic"
	OSVersion="#19~24.04.1-Ubuntu SMP PREEMPT_DYNAMIC Mon Feb 17 11:51:52 UTC 2"
	OSPlatform="x86_64"
	Is64Bits="1"
	VendorString="GenuineIntel"
	VendorID="Intel Corporation"
	FamilyID="6"
	ModelID="158"
	ProcessorCacheSize="9216"
	NumberOfLogicalCPU="12"
	NumberOfPhysicalCPU="6"
	TotalVirtualMemory="4095"
	TotalPhysicalMemory="15863"
	LogicalProcessorsPerPhysical="2"
	ProcessorClockFrequency="3899.98"
	>
	<Testing>
		<StartDateTime>Mar 17 20:03 EET</StartDateTime>
		<StartTestTime>1742234605</StartTestTime>
		<TestList/>
		<EndDateTime>Mar 17 20:03 EET</EndDateTime>
		<EndTestTime>1742234605</EndTestTime>
		<ElapsedMinutes>0</ElapsedMinutes>
	</Testing>
</Site>
